Traceback (most recent call last):
  File "C:\Users\mappattiro\kal\kal\Lib\site-packages\jupyter_cache\executors\utils.py", line 58, in single_nb_execution
    executenb(
    ~~~~~~~~~^
        nb,
        ^^^
    ...<4 lines>...
        **kwargs,
        ^^^^^^^^^
    )
    ^
  File "C:\Users\mappattiro\kal\kal\Lib\site-packages\nbclient\client.py", line 1323, in execute
    return NotebookClient(nb=nb, resources=resources, km=km, **kwargs).execute()
           ~~~~~~~~~~~~~~~~~~~~~~~~~~~~~~~~~~~~~~~~~~~~~~~~~~~~~~~~~~~~~~~~~~~^^
  File "C:\Users\mappattiro\kal\kal\Lib\site-packages\jupyter_core\utils\__init__.py", line 165, in wrapped
    return loop.run_until_complete(inner)
           ~~~~~~~~~~~~~~~~~~~~~~~^^^^^^^
  File "C:\Users\mappattiro\AppData\Local\Programs\Python\Python313\Lib\asyncio\base_events.py", line 719, in run_until_complete
    return future.result()
           ~~~~~~~~~~~~~^^
  File "C:\Users\mappattiro\kal\kal\Lib\site-packages\nbclient\client.py", line 709, in async_execute
    await self.async_execute_cell(
        cell, index, execution_count=self.code_cells_executed + 1
    )
  File "C:\Users\mappattiro\kal\kal\Lib\site-packages\nbclient\client.py", line 1062, in async_execute_cell
    await self._check_raise_for_error(cell, cell_index, exec_reply)
  File "C:\Users\mappattiro\kal\kal\Lib\site-packages\nbclient\client.py", line 918, in _check_raise_for_error
    raise CellExecutionError.from_cell_and_msg(cell, exec_reply_content)
nbclient.exceptions.CellExecutionError: An error occurred while executing the following cell:
------------------
import sys
import os

site_pkg = r"C:\Users\mappattiro\kal\kal\Lib\site-packages"
if site_pkg not in sys.path:
    sys.path.insert(0,site_pkg)

try:
    import skfuzzy as fuzz
    from skfuzzy import contrrol as ctrl
    print("berhasil")
except importError:
    print("gagal")
------------------


[31m---------------------------------------------------------------------------[39m
[31mModuleNotFoundError[39m                       Traceback (most recent call last)
[36mCell[39m[36m [39m[32mIn[4][39m[32m, line 9[39m
[32m      8[39m [38;5;28;01mtry[39;00m:
[32m----> [39m[32m9[39m     [38;5;28;01mimport[39;00m[38;5;250m [39m[34;01mskfuzzy[39;00m[38;5;250m [39m[38;5;28;01mas[39;00m[38;5;250m [39m[34;01mfuzz[39;00m
[32m     10[39m     [38;5;28;01mfrom[39;00m[38;5;250m [39m[34;01mskfuzzy[39;00m[38;5;250m [39m[38;5;28;01mimport[39;00m contrrol [38;5;28;01mas[39;00m ctrl

[36mFile [39m[32m~\kal\kal\Lib\site-packages\skfuzzy\__init__.py:24[39m
[32m     19[39m [38;5;66;03m######################[39;00m
[32m     20[39m [38;5;66;03m# Subpackage imports #[39;00m
[32m     21[39m [38;5;66;03m######################[39;00m
[32m     22[39m 
[32m     23[39m [38;5;66;03m# Core fuzzy mathematics subpackage[39;00m
[32m---> [39m[32m24[39m [38;5;28;01mimport[39;00m[38;5;250m [39m[34;01mskfuzzy[39;00m[34;01m.[39;00m[34;01mfuzzymath[39;00m[38;5;250m [39m[38;5;28;01mas[39;00m[38;5;250m [39m[34;01m_fuzzymath[39;00m  [38;5;66;03m# noqa: E402[39;00m
[32m     25[39m [38;5;28;01mfrom[39;00m[38;5;250m [39m[34;01mskfuzzy[39;00m[34;01m.[39;00m[34;01mfuzzymath[39;00m[38;5;250m [39m[38;5;28;01mimport[39;00m *  [38;5;66;03m# noqa: E402,F403[39;00m

[36mFile [39m[32m~\kal\kal\Lib\site-packages\skfuzzy\fuzzymath\__init__.py:44[39m
[32m     42[39m [38;5;28;01mfrom[39;00m[38;5;250m [39m[34;01m.[39;00m[34;01mfuzzy_logic[39;00m[38;5;250m [39m[38;5;28;01mimport[39;00m fuzzy_and, fuzzy_or, fuzzy_not
[32m---> [39m[32m44[39m [38;5;28;01mfrom[39;00m[38;5;250m [39m[34;01m.[39;00m[34;01m_continuous_to_discrete[39;00m[38;5;250m [39m[38;5;28;01mimport[39;00m continuous_to_discrete

[36mFile [39m[32m~\kal\kal\Lib\site-packages\skfuzzy\fuzzymath\_continuous_to_discrete.py:2[39m
[32m      1[39m [38;5;28;01mimport[39;00m[38;5;250m [39m[34;01mnumpy[39;00m[38;5;250m [39m[38;5;28;01mas[39;00m[38;5;250m [39m[34;01mnp[39;00m
[32m----> [39m[32m2[39m [38;5;28;01mimport[39;00m[38;5;250m [39m[34;01mscipy[39;00m[34;01m.[39;00m[34;01mlinalg[39;00m
[32m      5[39m [38;5;28;01mdef[39;00m[38;5;250m [39m[34mcontinuous_to_discrete[39m(a, b, sampling_rate):

[31mModuleNotFoundError[39m: No module named 'scipy'

During handling of the above exception, another exception occurred:

[31mNameError[39m                                 Traceback (most recent call last)
[36mCell[39m[36m [39m[32mIn[4][39m[32m, line 12[39m
[32m     10[39m     [38;5;28;01mfrom[39;00m[38;5;250m [39m[34;01mskfuzzy[39;00m[38;5;250m [39m[38;5;28;01mimport[39;00m contrrol [38;5;28;01mas[39;00m ctrl
[32m     11[39m     [38;5;28mprint[39m([33m"[39m[33mberhasil[39m[33m"[39m)
[32m---> [39m[32m12[39m [38;5;28;01mexcept[39;00m [43mimportError[49m:
[32m     13[39m     [38;5;28mprint[39m([33m"[39m[33mgagal[39m[33m"[39m)

[31mNameError[39m: name 'importError' is not defined

